2021-04-01 23:32:32,056 INFO client.py Запущен клиент с парамертами: адрес сервера: 127.0.0.1 , порт: 7777, имя пользователя: u
2021-04-01 23:32:32,492 INFO transport.py Попытка подключения №1
2021-04-01 23:32:35,556 INFO transport.py Попытка подключения №2
2021-04-01 23:32:38,613 INFO transport.py Попытка подключения №3
2021-04-01 23:32:41,646 INFO transport.py Попытка подключения №4
2021-04-01 23:32:44,701 INFO transport.py Попытка подключения №5
2021-04-01 23:32:47,741 CRITICAL transport.py Не удалось установить соединение с сервером
2021-04-01 23:33:00,219 INFO client.py Запущен клиент с парамертами: адрес сервера: 127.0.0.1 , порт: 7777, имя пользователя: u
2021-04-01 23:33:00,428 INFO transport.py Попытка подключения №1
2021-04-01 23:33:00,429 DEBUG transport.py Установлено соединение с сервером
2021-04-01 23:33:00,429 DEBUG transport.py Сформировано presence сообщение для пользователя u
2021-04-01 23:33:01,133 DEBUG transport.py Разбор сообщения от сервера: {'response': 200}
2021-04-01 23:33:01,133 INFO transport.py Соединение с сервером успешно установлено.
2021-04-01 23:33:01,133 DEBUG transport.py Запрос списка известных пользователей u
2021-04-01 23:33:01,651 ERROR transport.py Не удалось обновить список известных пользователей.
2021-04-01 23:33:01,651 DEBUG transport.py Запрос контакт листа для пользователся Thread-1
2021-04-01 23:33:01,652 DEBUG transport.py Сформирован запрос {'action': 'get_contacts', 'time': 1617309181.652154, 'user': 'u'}
2021-04-01 23:33:02,164 DEBUG transport.py Получен ответ {'response': 400, 'error': 'Запрос некорректен.'}
2021-04-01 23:33:02,165 ERROR transport.py Не удалось обновить список контактов.
2021-04-01 23:33:02,166 DEBUG transport.py Запущен процесс - приёмник собщений с сервера.
2021-04-01 23:39:36,668 INFO client.py Запущен клиент с парамертами: адрес сервера: 127.0.0.1 , порт: 7777, имя пользователя: u
2021-04-01 23:39:36,880 INFO transport.py Попытка подключения №1
2021-04-01 23:39:36,881 DEBUG transport.py Установлено соединение с сервером
2021-04-01 23:39:36,881 DEBUG transport.py Сформировано presence сообщение для пользователя u
2021-04-01 23:39:37,839 DEBUG transport.py Разбор сообщения от сервера: {'response': 200}
2021-04-01 23:39:37,840 INFO transport.py Соединение с сервером успешно установлено.
2021-04-01 23:39:37,840 DEBUG transport.py Запрос списка известных пользователей u
2021-04-01 23:39:42,842 ERROR transport.py Timeout соединения при обновлении списков пользователей.
2021-04-01 23:39:42,842 DEBUG transport.py Запущен процесс - приёмник собщений с сервера.
2021-04-01 23:41:08,537 INFO client.py Запущен клиент с парамертами: адрес сервера: 127.0.0.1 , порт: 7777, имя пользователя: u
2021-04-01 23:41:08,743 INFO transport.py Попытка подключения №1
2021-04-01 23:41:08,743 DEBUG transport.py Установлено соединение с сервером
2021-04-01 23:41:08,744 DEBUG transport.py Сформировано presence сообщение для пользователя u
2021-04-01 23:41:13,746 CRITICAL transport.py Потеряно соединение с сервером!
2021-04-01 23:43:01,285 INFO client.py Запущен клиент с парамертами: адрес сервера: 127.0.0.1 , порт: 7777, имя пользователя: u
2021-04-01 23:43:01,733 INFO transport.py Попытка подключения №1
2021-04-01 23:43:01,734 DEBUG transport.py Установлено соединение с сервером
2021-04-01 23:43:01,734 DEBUG transport.py Сформировано presence сообщение для пользователя u
2021-04-01 23:43:02,429 DEBUG transport.py Разбор сообщения от сервера: {'response': 200}
2021-04-01 23:43:02,429 INFO transport.py Соединение с сервером успешно установлено.
2021-04-01 23:43:02,430 DEBUG transport.py Запрос списка известных пользователей u
2021-04-01 23:43:03,043 DEBUG transport.py Запрос контакт листа для пользователся Thread-1
2021-04-01 23:43:03,043 DEBUG transport.py Сформирован запрос {'action': 'get_contacts', 'time': 1617309783.0436692, 'user': 'u'}
2021-04-01 23:43:03,451 DEBUG transport.py Получен ответ {'response': 202, 'data_list': []}
2021-04-01 23:43:03,452 DEBUG transport.py Запущен процесс - приёмник собщений с сервера.
2021-04-01 23:43:39,419 INFO client.py Запущен клиент с парамертами: адрес сервера: 127.0.0.1 , порт: 7777, имя пользователя: user
2021-04-01 23:43:39,988 INFO transport.py Попытка подключения №1
2021-04-01 23:43:39,988 DEBUG transport.py Установлено соединение с сервером
2021-04-01 23:43:39,988 DEBUG transport.py Сформировано presence сообщение для пользователя user
2021-04-01 23:43:40,756 DEBUG transport.py Разбор сообщения от сервера: {'response': 200}
2021-04-01 23:43:40,756 INFO transport.py Соединение с сервером успешно установлено.
2021-04-01 23:43:40,756 DEBUG transport.py Запрос списка известных пользователей user
2021-04-01 23:43:41,371 DEBUG transport.py Запрос контакт листа для пользователся Thread-1
2021-04-01 23:43:41,371 DEBUG transport.py Сформирован запрос {'action': 'get_contacts', 'time': 1617309821.371546, 'user': 'user'}
2021-04-01 23:43:41,772 DEBUG transport.py Получен ответ {'response': 202, 'data_list': []}
2021-04-01 23:43:41,773 DEBUG transport.py Запущен процесс - приёмник собщений с сервера.
2021-04-01 23:44:06,108 DEBUG transport.py Создание контакта u
2021-04-01 23:44:06,405 DEBUG transport.py Разбор сообщения от сервера: {'response': 200}
2021-04-01 23:44:06,523 INFO main_window.py Успешно добавлен контакт <PyQt5.QtGui.QStandardItem object at 0x0000015CDBA13798>
2021-04-01 23:44:17,152 DEBUG transport.py Сформирован словарь сообщения: {'action': 'message', 'from': 'user', 'to': 'u', 'time': 1617309857.1525621, 'mess_text': 'hi'}
2021-04-01 23:44:19,047 DEBUG transport.py Разбор сообщения от сервера: {'response': 200}
2021-04-01 23:44:19,047 INFO transport.py Отправлено сообщение для пользователя u
2021-04-01 23:44:19,048 DEBUG transport.py Принято сообщение с сервера: {'action': 'message', 'from': 'user', 'to': 'u', 'time': 1617309857.1525621, 'mess_text': 'hi'}
2021-04-01 23:44:19,048 DEBUG transport.py Разбор сообщения от сервера: {'action': 'message', 'from': 'user', 'to': 'u', 'time': 1617309857.1525621, 'mess_text': 'hi'}
2021-04-01 23:44:19,048 DEBUG transport.py Получено сообщение от пользователя user:hi
2021-04-01 23:44:19,222 DEBUG main_window.py Отправлено сообщение для u: hi
2021-04-01 23:44:28,198 DEBUG transport.py Создание контакта user
2021-04-01 23:44:28,854 DEBUG transport.py Разбор сообщения от сервера: {'response': 200}
2021-04-01 23:44:28,962 INFO main_window.py Успешно добавлен контакт <PyQt5.QtGui.QStandardItem object at 0x000001E109A4F168>
2021-04-01 23:44:47,523 DEBUG transport.py Транспорт завершает работу.
2021-04-01 23:44:48,011 DEBUG transport.py Потеряно соединение с сервером.
2021-04-01 23:44:48,485 DEBUG transport.py Транспорт завершает работу.
2021-04-01 23:44:49,453 DEBUG transport.py Потеряно соединение с сервером.
2021-04-01 23:58:45,988 INFO client.py Запущен клиент с парамертами: адрес сервера: 127.0.0.1 , порт: 7777, имя пользователя: u
2021-04-01 23:58:46,424 INFO transport.py Попытка подключения №1
2021-04-01 23:58:46,424 DEBUG transport.py Установлено соединение с сервером
2021-04-01 23:58:46,424 DEBUG transport.py Сформировано presence сообщение для пользователя u
2021-04-01 23:58:47,052 DEBUG transport.py Разбор сообщения от сервера: {'response': 200}
2021-04-01 23:58:47,052 INFO transport.py Соединение с сервером успешно установлено.
2021-04-01 23:58:47,052 DEBUG transport.py Запрос списка известных пользователей u
2021-04-01 23:58:47,668 DEBUG transport.py Запрос контакт листа для пользователся Thread-1
2021-04-01 23:58:47,668 DEBUG transport.py Сформирован запрос {'action': 'get_contacts', 'time': 1617310727.6684532, 'user': 'u'}
2021-04-01 23:58:48,080 DEBUG transport.py Получен ответ {'response': 202, 'data_list': ['user']}
2021-04-01 23:58:48,196 DEBUG transport.py Запущен процесс - приёмник собщений с сервера.
2021-04-01 23:58:53,948 INFO client.py Запущен клиент с парамертами: адрес сервера: 127.0.0.1 , порт: 7777, имя пользователя: user
2021-04-01 23:58:54,414 INFO transport.py Попытка подключения №1
2021-04-01 23:58:54,416 DEBUG transport.py Установлено соединение с сервером
2021-04-01 23:58:54,416 DEBUG transport.py Сформировано presence сообщение для пользователя user
2021-04-01 23:58:55,341 DEBUG transport.py Разбор сообщения от сервера: {'response': 200}
2021-04-01 23:58:55,341 INFO transport.py Соединение с сервером успешно установлено.
2021-04-01 23:58:55,341 DEBUG transport.py Запрос списка известных пользователей user
2021-04-01 23:58:55,957 DEBUG transport.py Запрос контакт листа для пользователся Thread-1
2021-04-01 23:58:55,957 DEBUG transport.py Сформирован запрос {'action': 'get_contacts', 'time': 1617310735.9572248, 'user': 'user'}
2021-04-01 23:58:56,365 DEBUG transport.py Получен ответ {'response': 202, 'data_list': ['u']}
2021-04-01 23:58:56,474 DEBUG transport.py Запущен процесс - приёмник собщений с сервера.
2021-04-01 23:59:06,334 DEBUG transport.py Транспорт завершает работу.
2021-04-01 23:59:10,572 CRITICAL transport.py Потеряно соединение с сервером.
2021-04-01 23:59:10,573 DEBUG transport.py Транспорт завершает работу.
2021-04-02 00:02:22,316 INFO client.py Запущен клиент с парамертами: адрес сервера: 127.0.0.1 , порт: 7777, имя пользователя: u
2021-04-02 00:02:22,516 INFO transport.py Попытка подключения №1
2021-04-02 00:02:22,517 DEBUG transport.py Установлено соединение с сервером
2021-04-02 00:02:22,517 DEBUG transport.py Сформировано presence сообщение для пользователя u
2021-04-02 00:02:23,155 DEBUG transport.py Разбор сообщения от сервера: {'response': 200}
2021-04-02 00:02:23,155 INFO transport.py Соединение с сервером успешно установлено.
2021-04-02 00:02:23,155 DEBUG transport.py Запрос списка известных пользователей u
2021-04-02 00:02:23,793 DEBUG transport.py Запрос контакт листа для пользователся Thread-1
2021-04-02 00:02:23,793 DEBUG transport.py Сформирован запрос {'action': 'get_contacts', 'time': 1617310943.7937498, 'user': 'u'}
2021-04-02 00:02:24,182 DEBUG transport.py Получен ответ {'response': 202, 'data_list': ['user']}
2021-04-02 00:02:24,300 DEBUG transport.py Запущен процесс - приёмник собщений с сервера.
2021-04-02 00:02:54,396 INFO client.py Запущен клиент с парамертами: адрес сервера: 127.0.0.1 , порт: 7777, имя пользователя: u
2021-04-02 00:02:54,618 INFO transport.py Попытка подключения №1
2021-04-02 00:02:54,627 DEBUG transport.py Установлено соединение с сервером
2021-04-02 00:02:54,627 DEBUG transport.py Сформировано presence сообщение для пользователя u
2021-04-02 00:02:55,344 DEBUG transport.py Разбор сообщения от сервера: {'response': 200}
2021-04-02 00:02:55,344 INFO transport.py Соединение с сервером успешно установлено.
2021-04-02 00:02:55,344 DEBUG transport.py Запрос списка известных пользователей u
2021-04-02 00:02:55,963 DEBUG transport.py Запрос контакт листа для пользователся Thread-1
2021-04-02 00:02:55,963 DEBUG transport.py Сформирован запрос {'action': 'get_contacts', 'time': 1617310975.9638896, 'user': 'u'}
2021-04-02 00:02:56,367 DEBUG transport.py Получен ответ {'response': 202, 'data_list': ['user']}
2021-04-02 00:02:56,482 DEBUG transport.py Запущен процесс - приёмник собщений с сервера.
2021-04-02 00:03:10,026 INFO client.py Запущен клиент с парамертами: адрес сервера: 127.0.0.1 , порт: 7777, имя пользователя: u
2021-04-02 00:03:10,526 INFO transport.py Попытка подключения №1
2021-04-02 00:03:10,526 DEBUG transport.py Установлено соединение с сервером
2021-04-02 00:03:10,526 DEBUG transport.py Сформировано presence сообщение для пользователя u
2021-04-02 00:03:11,232 DEBUG transport.py Разбор сообщения от сервера: {'response': 200}
2021-04-02 00:03:11,232 INFO transport.py Соединение с сервером успешно установлено.
2021-04-02 00:03:11,232 DEBUG transport.py Запрос списка известных пользователей u
2021-04-02 00:03:11,857 DEBUG transport.py Запрос контакт листа для пользователся Thread-1
2021-04-02 00:03:11,858 DEBUG transport.py Сформирован запрос {'action': 'get_contacts', 'time': 1617310991.8574421, 'user': 'u'}
2021-04-02 00:03:12,261 DEBUG transport.py Получен ответ {'response': 202, 'data_list': ['user']}
2021-04-02 00:03:12,375 DEBUG transport.py Запущен процесс - приёмник собщений с сервера.
2021-04-02 00:05:17,829 INFO client.py Запущен клиент с парамертами: адрес сервера: 127.0.0.1 , порт: 7777, имя пользователя: u
2021-04-02 00:05:18,029 INFO transport.py Попытка подключения №1
2021-04-02 00:05:18,029 DEBUG transport.py Установлено соединение с сервером
2021-04-02 00:05:18,029 DEBUG transport.py Сформировано presence сообщение для пользователя u
2021-04-02 00:05:18,646 DEBUG transport.py Разбор сообщения от сервера: {'response': 200}
2021-04-02 00:05:18,646 INFO transport.py Соединение с сервером успешно установлено.
2021-04-02 00:05:18,646 DEBUG transport.py Запрос списка известных пользователей u
2021-04-02 00:05:19,273 DEBUG transport.py Запрос контакт листа для пользователся Thread-1
2021-04-02 00:05:19,273 DEBUG transport.py Сформирован запрос {'action': 'get_contacts', 'time': 1617311119.273078, 'user': 'u'}
2021-04-02 00:05:19,676 DEBUG transport.py Получен ответ {'response': 202, 'data_list': ['user']}
2021-04-02 00:05:19,789 DEBUG transport.py Запущен процесс - приёмник собщений с сервера.
2021-04-02 00:05:33,575 DEBUG transport.py Сформирован словарь сообщения: {'action': 'message', 'from': 'u', 'to': 'user', 'time': 1617311133.5750713, 'mess_text': 'k'}
2021-04-02 00:05:33,994 DEBUG transport.py Разбор сообщения от сервера: {'response': 400, 'error': 'Пользователь не зарегистрирован на сервере.'}
2021-04-02 00:05:49,871 INFO client.py Запущен клиент с парамертами: адрес сервера: 127.0.0.1 , порт: 7777, имя пользователя: user
2021-04-02 00:05:50,086 INFO transport.py Попытка подключения №1
2021-04-02 00:05:50,086 DEBUG transport.py Установлено соединение с сервером
2021-04-02 00:05:50,086 DEBUG transport.py Сформировано presence сообщение для пользователя user
2021-04-02 00:05:50,844 DEBUG transport.py Разбор сообщения от сервера: {'response': 200}
2021-04-02 00:05:50,844 INFO transport.py Соединение с сервером успешно установлено.
2021-04-02 00:05:50,845 DEBUG transport.py Запрос списка известных пользователей user
2021-04-02 00:05:51,473 DEBUG transport.py Запрос контакт листа для пользователся Thread-1
2021-04-02 00:05:51,473 DEBUG transport.py Сформирован запрос {'action': 'get_contacts', 'time': 1617311151.4731863, 'user': 'user'}
2021-04-02 00:05:51,875 DEBUG transport.py Получен ответ {'response': 202, 'data_list': ['u']}
2021-04-02 00:05:51,978 DEBUG transport.py Запущен процесс - приёмник собщений с сервера.
2021-04-02 00:06:04,811 DEBUG transport.py Сформирован словарь сообщения: {'action': 'message', 'from': 'u', 'to': 'user', 'time': 1617311164.811155, 'mess_text': 'jj'}
2021-04-02 00:06:06,244 DEBUG transport.py Разбор сообщения от сервера: {'response': 200}
2021-04-02 00:06:06,244 INFO transport.py Отправлено сообщение для пользователя user
2021-04-02 00:06:06,350 DEBUG main_window.py Отправлено сообщение для user: jj
2021-04-02 00:06:06,634 DEBUG transport.py Принято сообщение с сервера: {'action': 'message', 'from': 'u', 'to': 'user', 'time': 1617311164.811155, 'mess_text': 'jj'}
2021-04-02 00:06:06,635 DEBUG transport.py Разбор сообщения от сервера: {'action': 'message', 'from': 'u', 'to': 'user', 'time': 1617311164.811155, 'mess_text': 'jj'}
2021-04-02 00:06:06,635 DEBUG transport.py Получено сообщение от пользователя u:jj
2021-04-02 00:06:38,899 DEBUG transport.py Транспорт завершает работу.
2021-04-02 00:06:39,557 DEBUG transport.py Потеряно соединение с сервером.
2021-04-02 00:06:39,654 DEBUG transport.py Транспорт завершает работу.
2021-04-02 00:06:40,235 DEBUG transport.py Потеряно соединение с сервером.
2021-04-02 00:07:44,852 INFO client.py Запущен клиент с парамертами: адрес сервера: 127.0.0.1 , порт: 7777, имя пользователя: u
2021-04-02 00:07:45,061 INFO transport.py Попытка подключения №1
2021-04-02 00:07:45,062 DEBUG transport.py Установлено соединение с сервером
2021-04-02 00:07:45,062 DEBUG transport.py Сформировано presence сообщение для пользователя u
2021-04-02 00:07:45,971 DEBUG transport.py Разбор сообщения от сервера: {'response': 200}
2021-04-02 00:07:45,971 INFO transport.py Соединение с сервером успешно установлено.
2021-04-02 00:07:45,971 DEBUG transport.py Запрос списка известных пользователей u
2021-04-02 00:07:46,586 DEBUG transport.py Запрос контакт листа для пользователся Thread-1
2021-04-02 00:07:46,586 DEBUG transport.py Сформирован запрос {'action': 'get_contacts', 'time': 1617311266.5869734, 'user': 'u'}
2021-04-02 00:07:46,998 DEBUG transport.py Получен ответ {'response': 202, 'data_list': ['user']}
2021-04-02 00:07:47,114 DEBUG transport.py Запущен процесс - приёмник собщений с сервера.
2021-04-02 00:07:55,250 DEBUG transport.py Транспорт завершает работу.
2021-04-02 00:07:56,075 DEBUG transport.py Потеряно соединение с сервером.
2021-04-02 00:12:57,442 INFO client.py Запущен клиент с парамертами: адрес сервера: 127.0.0.1 , порт: 7777, имя пользователя: user2
2021-04-02 00:12:58,211 INFO transport.py Попытка подключения №1
2021-04-02 00:12:58,212 DEBUG transport.py Установлено соединение с сервером
2021-04-02 00:12:58,217 DEBUG transport.py Сформировано presence сообщение для пользователя user2
2021-04-02 00:12:58,932 DEBUG transport.py Разбор сообщения от сервера: {'response': 200}
2021-04-02 00:12:58,932 INFO transport.py Соединение с сервером успешно установлено.
2021-04-02 00:12:58,932 DEBUG transport.py Запрос списка известных пользователей user2
2021-04-02 00:12:59,572 DEBUG transport.py Запрос контакт листа для пользователся Thread-1
2021-04-02 00:12:59,572 DEBUG transport.py Сформирован запрос {'action': 'get_contacts', 'time': 1617311579.572242, 'user': 'user2'}
2021-04-02 00:12:59,972 DEBUG transport.py Получен ответ {'response': 202, 'data_list': []}
2021-04-02 00:12:59,973 DEBUG transport.py Запущен процесс - приёмник собщений с сервера.
2021-04-02 00:13:07,302 INFO client.py Запущен клиент с парамертами: адрес сервера: 127.0.0.1 , порт: 7777, имя пользователя: user666
2021-04-02 00:13:08,098 INFO transport.py Попытка подключения №1
2021-04-02 00:13:08,099 DEBUG transport.py Установлено соединение с сервером
2021-04-02 00:13:08,099 DEBUG transport.py Сформировано presence сообщение для пользователя user666
2021-04-02 00:13:08,823 DEBUG transport.py Разбор сообщения от сервера: {'response': 200}
2021-04-02 00:13:08,823 INFO transport.py Соединение с сервером успешно установлено.
2021-04-02 00:13:08,824 DEBUG transport.py Запрос списка известных пользователей user666
2021-04-02 00:13:09,451 DEBUG transport.py Запрос контакт листа для пользователся Thread-1
2021-04-02 00:13:09,451 DEBUG transport.py Сформирован запрос {'action': 'get_contacts', 'time': 1617311589.451028, 'user': 'user666'}
2021-04-02 00:13:09,852 DEBUG transport.py Получен ответ {'response': 202, 'data_list': []}
2021-04-02 00:13:09,853 DEBUG transport.py Запущен процесс - приёмник собщений с сервера.
2021-04-02 00:14:37,931 DEBUG transport.py Транспорт завершает работу.
2021-04-02 00:14:38,242 CRITICAL transport.py Потеряно соединение с сервером.
2021-04-02 00:14:38,988 CRITICAL transport.py Потеряно соединение с сервером.
2021-04-02 00:14:50,617 INFO client.py Запущен клиент с парамертами: адрес сервера: 127.0.0.1 , порт: 7777, имя пользователя: u
2021-04-02 00:14:51,063 INFO transport.py Попытка подключения №1
2021-04-02 00:14:54,109 INFO transport.py Попытка подключения №2
2021-04-02 00:14:57,149 INFO transport.py Попытка подключения №3
2021-04-02 00:15:00,179 INFO transport.py Попытка подключения №4
2021-04-02 00:15:03,195 INFO transport.py Попытка подключения №5
2021-04-02 00:15:06,246 CRITICAL transport.py Не удалось установить соединение с сервером
2021-04-02 00:15:24,268 INFO client.py Запущен клиент с парамертами: адрес сервера: 127.0.0.1 , порт: 7777, имя пользователя: u
2021-04-02 00:15:24,481 INFO transport.py Попытка подключения №1
2021-04-02 00:15:24,482 DEBUG transport.py Установлено соединение с сервером
2021-04-02 00:15:24,482 DEBUG transport.py Сформировано presence сообщение для пользователя u
2021-04-02 00:15:25,110 DEBUG transport.py Разбор сообщения от сервера: {'response': 200}
2021-04-02 00:15:25,110 INFO transport.py Соединение с сервером успешно установлено.
2021-04-02 00:15:25,111 DEBUG transport.py Запрос списка известных пользователей u
2021-04-02 00:15:25,934 DEBUG transport.py Запрос контакт листа для пользователся Thread-1
2021-04-02 00:15:25,934 DEBUG transport.py Сформирован запрос {'action': 'get_contacts', 'time': 1617311725.9347544, 'user': 'u'}
2021-04-02 00:15:26,138 DEBUG transport.py Получен ответ {'response': 202, 'data_list': ['user']}
2021-04-02 00:15:26,465 DEBUG transport.py Запущен процесс - приёмник собщений с сервера.
2021-04-02 00:15:34,122 DEBUG transport.py Создание контакта user2
2021-04-02 00:15:34,809 DEBUG transport.py Разбор сообщения от сервера: {'response': 200}
2021-04-02 00:15:34,916 INFO main_window.py Успешно добавлен контакт <PyQt5.QtGui.QStandardItem object at 0x0000029C68FD2678>
2021-04-02 00:15:43,795 DEBUG transport.py Сформирован словарь сообщения: {'action': 'message', 'from': 'u', 'to': 'user2', 'time': 1617311743.7959871, 'mess_text': 'hhhh'}
2021-04-02 00:15:44,017 DEBUG transport.py Разбор сообщения от сервера: {'response': 400, 'error': 'Пользователь не зарегистрирован на сервере.'}
2021-04-02 00:15:54,271 DEBUG transport.py Транспорт завершает работу.
2021-04-02 00:15:54,890 DEBUG transport.py Потеряно соединение с сервером.
2021-04-02 00:17:59,448 INFO client.py Запущен клиент с парамертами: адрес сервера: 127.0.0.1 , порт: 7777, имя пользователя: г
2021-04-02 00:18:00,491 INFO transport.py Попытка подключения №1
2021-04-02 00:18:00,491 DEBUG transport.py Установлено соединение с сервером
2021-04-02 00:18:00,492 DEBUG transport.py Сформировано presence сообщение для пользователя г
2021-04-02 00:18:01,272 DEBUG transport.py Разбор сообщения от сервера: {'response': 200}
2021-04-02 00:18:01,272 INFO transport.py Соединение с сервером успешно установлено.
2021-04-02 00:18:01,273 DEBUG transport.py Запрос списка известных пользователей г
2021-04-02 00:18:01,882 DEBUG transport.py Запрос контакт листа для пользователся Thread-1
2021-04-02 00:18:01,882 DEBUG transport.py Сформирован запрос {'action': 'get_contacts', 'time': 1617311881.88273, 'user': 'г'}
2021-04-02 00:18:02,294 DEBUG transport.py Получен ответ {'response': 202, 'data_list': []}
2021-04-02 00:18:02,294 DEBUG transport.py Запущен процесс - приёмник собщений с сервера.
2021-04-02 00:18:10,586 DEBUG transport.py Создание контакта user2
2021-04-02 00:18:11,403 DEBUG transport.py Разбор сообщения от сервера: {'response': 200}
2021-04-02 00:18:11,520 INFO main_window.py Успешно добавлен контакт <PyQt5.QtGui.QStandardItem object at 0x0000024281B75E58>
2021-04-02 00:18:18,873 DEBUG transport.py Сформирован словарь сообщения: {'action': 'message', 'from': 'г', 'to': 'user2', 'time': 1617311898.8733747, 'mess_text': 'hhh'}
2021-04-02 00:18:19,074 DEBUG transport.py Разбор сообщения от сервера: {'response': 400, 'error': 'Пользователь не зарегистрирован на сервере.'}
2021-04-02 00:18:24,125 DEBUG transport.py Транспорт завершает работу.
2021-04-02 00:21:33,866 INFO client.py Запущен клиент с парамертами: адрес сервера: 127.0.0.1 , порт: 7777, имя пользователя: u
2021-04-02 00:21:34,000 INFO transport.py Попытка подключения №1
2021-04-02 00:21:34,000 DEBUG transport.py Установлено соединение с сервером
2021-04-02 00:21:34,000 DEBUG transport.py Сформировано presence сообщение для пользователя u
2021-04-02 00:21:34,617 DEBUG transport.py Разбор сообщения от сервера: {'response': 200}
2021-04-02 00:21:34,617 INFO transport.py Соединение с сервером успешно установлено.
2021-04-02 00:21:34,617 DEBUG transport.py Запрос списка известных пользователей u
2021-04-02 00:21:35,220 DEBUG transport.py Запрос контакт листа для пользователся Thread-1
2021-04-02 00:21:35,220 DEBUG transport.py Сформирован запрос {'action': 'get_contacts', 'time': 1617312095.2209902, 'user': 'u'}
2021-04-02 00:21:35,633 DEBUG transport.py Получен ответ {'response': 202, 'data_list': ['user', 'user2']}
2021-04-02 00:21:35,856 DEBUG transport.py Запущен процесс - приёмник собщений с сервера.
2021-04-02 00:21:41,964 DEBUG transport.py Сформирован словарь сообщения: {'action': 'message', 'from': 'u', 'to': 'user', 'time': 1617312101.9649832, 'mess_text': 'k'}
2021-04-02 00:21:42,291 DEBUG transport.py Разбор сообщения от сервера: {'response': 400, 'error': 'Пользователь не зарегистрирован на сервере.'}
2021-04-02 00:21:49,713 DEBUG transport.py Транспорт завершает работу.
2021-04-02 00:21:50,536 DEBUG transport.py Потеряно соединение с сервером.
2021-04-02 00:22:29,128 INFO client.py Запущен клиент с парамертами: адрес сервера: 127.0.0.1 , порт: 7777, имя пользователя: u
2021-04-02 00:22:29,552 INFO transport.py Попытка подключения №1
2021-04-02 00:22:29,563 DEBUG transport.py Установлено соединение с сервером
2021-04-02 00:22:29,563 DEBUG transport.py Сформировано presence сообщение для пользователя u
2021-04-02 00:22:30,282 DEBUG transport.py Разбор сообщения от сервера: {'response': 200}
2021-04-02 00:22:30,282 INFO transport.py Соединение с сервером успешно установлено.
2021-04-02 00:22:30,282 DEBUG transport.py Запрос списка известных пользователей u
2021-04-02 00:22:30,906 DEBUG transport.py Запрос контакт листа для пользователся Thread-1
2021-04-02 00:22:30,906 DEBUG transport.py Сформирован запрос {'action': 'get_contacts', 'time': 1617312150.9065988, 'user': 'u'}
2021-04-02 00:22:31,310 DEBUG transport.py Получен ответ {'response': 202, 'data_list': ['user', 'user2']}
2021-04-02 00:22:31,519 DEBUG transport.py Запущен процесс - приёмник собщений с сервера.
2021-04-02 00:22:40,224 DEBUG transport.py Сформирован словарь сообщения: {'action': 'message', 'from': 'u', 'to': 'user', 'time': 1617312160.2245386, 'mess_text': 'ggg\n'}
2021-04-02 00:22:41,013 DEBUG transport.py Разбор сообщения от сервера: {'response': 400, 'error': 'Пользователь оффлайн.'}
2021-04-02 00:22:48,202 DEBUG transport.py Транспорт завершает работу.
